<?xml version="1.0" encoding="UTF-8"?>
<!-- Generated by org.testng.reporters.JUnitXMLReporter -->
<testsuite ignored="0" hostname="LAPTOP-FG2Q0DK7" failures="0" tests="5" name="FirefoxTest" time="20.447" errors="0" timestamp="2023-03-27T11:51:38 IST">
  <testcase classname="TestNGClasses.VerifyTheLogInPage" name="@BeforeTest openBrowser" time="20.359">
    <failure type="org.openqa.selenium.WebDriverException" message="java.net.ConnectException: Failed to connect to localhost/[0:0:0:0:0:0:0:1]:57252
Build info: version: &amp;apos;3.141.59&amp;apos;, revision: &amp;apos;e82be7d358&amp;apos;, time: &amp;apos;2018-11-14T08:17:03&amp;apos;
System info: host: &amp;apos;LAPTOP-FG2Q0DK7&amp;apos;, ip: &amp;apos;192.168.43.81&amp;apos;, os.name: &amp;apos;Windows 11&amp;apos;, os.arch: &amp;apos;amd64&amp;apos;, os.version: &amp;apos;10.0&amp;apos;, java.version: &amp;apos;17.0.5&amp;apos;
Driver info: driver.version: FirefoxDriver">
      <![CDATA[org.openqa.selenium.WebDriverException: java.net.ConnectException: Failed to connect to localhost/[0:0:0:0:0:0:0:1]:57252
Build info: version: '3.141.59', revision: 'e82be7d358', time: '2018-11-14T08:17:03'
System info: host: 'LAPTOP-FG2Q0DK7', ip: '192.168.43.81', os.name: 'Windows 11', os.arch: 'amd64', os.version: '10.0', java.version: '17.0.5'
Driver info: driver.version: FirefoxDriver
at org.openqa.selenium.remote.service.DriverCommandExecutor.execute(DriverCommandExecutor.java:92)
at org.openqa.selenium.remote.RemoteWebDriver.execute(RemoteWebDriver.java:552)
at org.openqa.selenium.remote.RemoteWebDriver.startSession(RemoteWebDriver.java:213)
at org.openqa.selenium.remote.RemoteWebDriver.<init>(RemoteWebDriver.java:131)
at org.openqa.selenium.firefox.FirefoxDriver.<init>(FirefoxDriver.java:147)
at org.openqa.selenium.firefox.FirefoxDriver.<init>(FirefoxDriver.java:125)
at BaseClass.Bclass.openFirefox(Bclass.java:18)
at TestNGClasses.VerifyTheLogInPage.openBrowser(VerifyTheLogInPage.java:40)
at java.base/java.util.concurrent.FutureTask.run(FutureTask.java:264)
at java.base/java.util.concurrent.ThreadPoolExecutor.runWorker(ThreadPoolExecutor.java:1136)
at java.base/java.util.concurrent.ThreadPoolExecutor$Worker.run(ThreadPoolExecutor.java:635)
at java.base/java.lang.Thread.run(Thread.java:833)
Caused by: java.net.ConnectException: Failed to connect to localhost/[0:0:0:0:0:0:0:1]:57252
at okhttp3.internal.connection.RealConnection.connectSocket(RealConnection.java:247)
at okhttp3.internal.connection.RealConnection.connect(RealConnection.java:165)
at okhttp3.internal.connection.StreamAllocation.findConnection(StreamAllocation.java:257)
at okhttp3.internal.connection.StreamAllocation.findHealthyConnection(StreamAllocation.java:135)
at okhttp3.internal.connection.StreamAllocation.newStream(StreamAllocation.java:114)
at okhttp3.internal.connection.ConnectInterceptor.intercept(ConnectInterceptor.java:42)
at okhttp3.internal.http.RealInterceptorChain.proceed(RealInterceptorChain.java:147)
at okhttp3.internal.http.RealInterceptorChain.proceed(RealInterceptorChain.java:121)
at okhttp3.internal.cache.CacheInterceptor.intercept(CacheInterceptor.java:93)
at okhttp3.internal.http.RealInterceptorChain.proceed(RealInterceptorChain.java:147)
at okhttp3.internal.http.RealInterceptorChain.proceed(RealInterceptorChain.java:121)
at okhttp3.internal.http.BridgeInterceptor.intercept(BridgeInterceptor.java:93)
at okhttp3.internal.http.RealInterceptorChain.proceed(RealInterceptorChain.java:147)
at okhttp3.internal.http.RetryAndFollowUpInterceptor.intercept(RetryAndFollowUpInterceptor.java:126)
at okhttp3.internal.http.RealInterceptorChain.proceed(RealInterceptorChain.java:147)
at okhttp3.internal.http.RealInterceptorChain.proceed(RealInterceptorChain.java:121)
at okhttp3.RealCall.getResponseWithInterceptorChain(RealCall.java:200)
at okhttp3.RealCall.execute(RealCall.java:77)
at org.openqa.selenium.remote.internal.OkHttpClient.execute(OkHttpClient.java:103)
at org.openqa.selenium.remote.ProtocolHandshake.createSession(ProtocolHandshake.java:105)
at org.openqa.selenium.remote.ProtocolHandshake.createSession(ProtocolHandshake.java:74)
at org.openqa.selenium.remote.HttpCommandExecutor.execute(HttpCommandExecutor.java:136)
at org.openqa.selenium.remote.service.DriverCommandExecutor.execute(DriverCommandExecutor.java:83)
... 26 more
Caused by: java.net.ConnectException: Connection refused: no further information
at java.base/sun.nio.ch.Net.pollConnect(Native Method)
at java.base/sun.nio.ch.Net.pollConnectNow(Net.java:672)
at java.base/sun.nio.ch.NioSocketImpl.timedFinishConnect(NioSocketImpl.java:542)
at java.base/sun.nio.ch.NioSocketImpl.connect(NioSocketImpl.java:597)
at java.base/java.net.SocksSocketImpl.connect(SocksSocketImpl.java:327)
at java.base/java.net.Socket.connect(Socket.java:633)
at okhttp3.internal.platform.Platform.connectSocket(Platform.java:129)
at okhttp3.internal.connection.RealConnection.connectSocket(RealConnection.java:245)
... 48 more
... Removed 15 stack frames]]>
    </failure>
  </testcase> <!-- @BeforeTest openBrowser -->
  <testcase classname="TestNGClasses.VerifyTheSignUpPage" name="@BeforeTest openBrowser" time="-1.679898098597E9">
    <skipped/>
  </testcase> <!-- @BeforeTest openBrowser -->
  <testcase classname="TestNGClasses.VerifyTheLogInPage" name="@BeforeClass POMObjects" time="-1.679898098603E9">
    <skipped/>
  </testcase> <!-- @BeforeClass POMObjects -->
  <testcase classname="TestNGClasses.VerifyTheSignUpPage" name="@BeforeClass beforeclass" time="-1.679898098603E9">
    <skipped/>
  </testcase> <!-- @BeforeClass beforeclass -->
  <testcase classname="TestNGClasses.VerifyTheLogInPage" name="@BeforeMethod openInstagram" time="-1.679898098608E9">
    <skipped/>
  </testcase> <!-- @BeforeMethod openInstagram -->
  <testcase classname="TestNGClasses.VerifyTheSignUpPage" name="@BeforeMethod beforemethod" time="-1.67989809861E9">
    <skipped/>
  </testcase> <!-- @BeforeMethod beforemethod -->
  <testcase classname="TestNGClasses.VerifyTheLogInPage" name="@AfterMethod afterMethod" time="-1.679898098621E9">
    <skipped/>
  </testcase> <!-- @AfterMethod afterMethod -->
  <testcase classname="TestNGClasses.VerifyTheSignUpPage" name="@AfterMethod aftermethod" time="-1.679898098622E9">
    <skipped/>
  </testcase> <!-- @AfterMethod aftermethod -->
  <testcase classname="TestNGClasses.VerifyTheLogInPage" name="@BeforeMethod openInstagram" time="-1.679898098625E9">
    <skipped/>
  </testcase> <!-- @BeforeMethod openInstagram -->
  <testcase classname="TestNGClasses.VerifyTheSignUpPage" name="@BeforeMethod beforemethod" time="-1.679898098629E9">
    <skipped/>
  </testcase> <!-- @BeforeMethod beforemethod -->
  <testcase classname="TestNGClasses.VerifyTheLogInPage" name="@AfterMethod afterMethod" time="-1.679898098634E9">
    <skipped/>
  </testcase> <!-- @AfterMethod afterMethod -->
  <testcase classname="TestNGClasses.VerifyTheLogInPage" name="@BeforeMethod openInstagram" time="-1.679898098639E9">
    <skipped/>
  </testcase> <!-- @BeforeMethod openInstagram -->
  <testcase classname="TestNGClasses.VerifyTheSignUpPage" name="@AfterMethod aftermethod" time="-1.679898098641E9">
    <skipped/>
  </testcase> <!-- @AfterMethod aftermethod -->
  <testcase classname="TestNGClasses.VerifyTheSignUpPage" name="@AfterClass afterclass" time="-1.679898098643E9">
    <skipped/>
  </testcase> <!-- @AfterClass afterclass -->
  <testcase classname="TestNGClasses.VerifyTheLogInPage" name="@AfterMethod afterMethod" time="-1.679898098646E9">
    <skipped/>
  </testcase> <!-- @AfterMethod afterMethod -->
  <testcase classname="TestNGClasses.VerifyTheLogInPage" name="@AfterClass afterClass" time="-1.67989809865E9">
    <skipped/>
  </testcase> <!-- @AfterClass afterClass -->
  <testcase classname="TestNGClasses.VerifyTheLogInPage" name="@AfterTest aftertest" time="-1.679898098654E9">
    <skipped/>
  </testcase> <!-- @AfterTest aftertest -->
  <testcase classname="TestNGClasses.VerifyTheSignUpPage" name="@AfterTest aftertest" time="-1.679898098656E9">
    <skipped/>
  </testcase> <!-- @AfterTest aftertest -->
  <testcase classname="TestNGClasses.VerifyTheLogInPage" name="verifyFirstLogInWithFacebookButton" time="0.0">
    <skipped/>
  </testcase> <!-- verifyFirstLogInWithFacebookButton -->
  <testcase classname="TestNGClasses.VerifyTheSignUpPage" name="verifyLogInWithFacebbok" time="0.0">
    <skipped/>
  </testcase> <!-- verifyLogInWithFacebbok -->
  <testcase classname="TestNGClasses.VerifyTheLogInPage" name="verifyForgottenYourPasswordButton" time="0.0">
    <skipped/>
  </testcase> <!-- verifyForgottenYourPasswordButton -->
  <testcase classname="TestNGClasses.VerifyTheSignUpPage" name="verifySignUpPageFields" time="0.0">
    <skipped/>
  </testcase> <!-- verifySignUpPageFields -->
  <testcase classname="TestNGClasses.VerifyTheLogInPage" name="verifyTheLogInButton" time="0.0">
    <skipped/>
  </testcase> <!-- verifyTheLogInButton -->
</testsuite> <!-- FirefoxTest -->
